Filename                                                                                                   Regions    Missed Regions     Cover   Functions  Missed Functions  Executed       Lines      Missed Lines     Cover    Branches   Missed Branches     Cover
----------------------------------------------------------------------------------------------------------------------------------------------------------------------------------------------------------------------------------------------------------------------
.build/x86_64-apple-macosx/debug/KeyboardShortcuts.build/DerivedSources/resource_bundle_accessor.swift           5                 5     0.00%           3                 3     0.00%          15                15     0.00%           0                 0         -
.build/x86_64-apple-macosx/debug/PrivarionPackageTests.derived/runner.swift                                      9                 1    88.89%           2                 0   100.00%          17                 3    82.35%           0                 0         -
Sources/PrivacyCtl/Commands/AnalyticsCommands.swift                                                            151               151     0.00%          55                55     0.00%         374               374     0.00%           0                 0         -
Sources/PrivacyCtl/Commands/MacAddressCommands.swift                                                           271               271     0.00%          90                90     0.00%         622               622     0.00%           0                 0         -
Sources/PrivacyCtl/Commands/NetworkCommands.swift                                                              191               191     0.00%          50                50     0.00%         435               435     0.00%           0                 0         -
Sources/PrivacyCtl/main.swift                                                                                 1078              1070     0.74%         241               233     3.32%        2494              2486     0.32%           0                 0         -
Sources/PrivarionCore/AnalyticsEventProcessor.swift                                                            155               155     0.00%          91                91     0.00%         429               429     0.00%           0                 0         -
Sources/PrivarionCore/ApplicationNetworkRuleEngine.swift                                                       120               112     6.67%          54                46    14.81%         341               314     7.92%           0                 0         -
Sources/PrivarionCore/BlocklistManager.swift                                                                   125                97    22.40%          94                66    29.79%         458               334    27.07%           0                 0         -
Sources/PrivarionCore/Configuration.swift                                                                       31                15    51.61%          21                 5    76.19%         197                42    78.68%           0                 0         -
Sources/PrivarionCore/ConfigurationManager.swift                                                               108                41    62.04%          55                20    63.64%         298               108    63.76%           0                 0         -
Sources/PrivarionCore/ConfigurationProfileManager.swift                                                         99                51    48.48%          26                10    61.54%         342               119    65.20%           0                 0         -
Sources/PrivarionCore/DNSProxyServer.swift                                                                     109               109     0.00%          58                58     0.00%         363               363     0.00%           0                 0         -
Sources/PrivarionCore/DYLDInjection.swift                                                                       79                79     0.00%          28                28     0.00%         239               239     0.00%           0                 0         -
Sources/PrivarionCore/HardwareIdentifierEngine.swift                                                           199               131    34.17%          75                46    38.67%         600               335    44.17%           0                 0         -
Sources/PrivarionCore/IdentityBackupManager.swift                                                              123                50    59.35%          35                 6    82.86%         415               123    70.36%           0                 0         -
Sources/PrivarionCore/IdentitySpoofingManager.swift                                                            250               227     9.20%          56                47    16.07%         613               523    14.68%           0                 0         -
Sources/PrivarionCore/Logger.swift                                                                             109                83    23.85%          60                38    36.67%         340               264    22.35%           0                 0         -
Sources/PrivarionCore/MacAddressRepository.swift                                                               196                90    54.08%          65                15    76.92%         730               256    64.93%           0                 0         -
Sources/PrivarionCore/MacAddressSpoofingManager.swift                                                          122                44    63.93%          24                 6    75.00%         352               111    68.47%           0                 0         -
Sources/PrivarionCore/MetricsCollector.swift                                                                    98                98     0.00%          71                71     0.00%         280               280     0.00%           0                 0         -
Sources/PrivarionCore/NetworkAnalyticsEngine.swift                                                              92                92     0.00%          54                54     0.00%         295               295     0.00%           0                 0         -
Sources/PrivarionCore/NetworkFilteringManager.swift                                                            170               162     4.71%         111               103     7.21%         373               354     5.09%           0                 0         -
Sources/PrivarionCore/NetworkInterfaceManager.swift                                                            119                65    45.38%          30                15    50.00%         282               131    53.55%           0                 0         -
Sources/PrivarionCore/PerformanceBenchmark.swift                                                               128                30    76.56%          88                18    79.55%         444                44    90.09%           0                 0         -
Sources/PrivarionCore/RollbackManager.swift                                                                    232               219     5.60%          72                67     6.94%         524               485     7.44%           0                 0         -
Sources/PrivarionCore/SyscallHookConfiguration.swift                                                           100                53    47.00%          58                23    60.34%         190               107    43.68%           0                 0         -
Sources/PrivarionCore/SyscallHookManager.swift                                                                 236               152    35.59%         131                83    36.64%         692               441    36.27%           0                 0         -
Sources/PrivarionCore/SystemCommandExecutor.swift                                                               75                43    42.67%          17                 6    64.71%         353                89    74.79%           0                 0         -
Sources/PrivarionCore/TimeSeriesStorage.swift                                                                  137               137     0.00%          80                80     0.00%         429               429     0.00%           0                 0         -
Sources/PrivarionCore/TrafficMonitoringService.swift                                                           127               106    16.54%          88                67    23.86%         394               358     9.14%           0                 0         -
Sources/PrivarionGUI/BusinessLogic/AnalyticsViewState.swift                                                    116               116     0.00%          68                68     0.00%         366               366     0.00%           0                 0         -
Sources/PrivarionGUI/BusinessLogic/AppState.swift                                                              236               144    38.98%         151                91    39.74%         645               321    50.23%           0                 0         -
Sources/PrivarionGUI/BusinessLogic/CommandManager.swift                                                        101                84    16.83%          61                47    22.95%         430               252    41.40%           0                 0         -
Sources/PrivarionGUI/BusinessLogic/ErrorManager.swift                                                          156               107    31.41%         104                69    33.65%         422               279    33.89%           0                 0         -
Sources/PrivarionGUI/BusinessLogic/Interactors/Interactors.swift                                               127               127     0.00%          99                99     0.00%         199               199     0.00%           0                 0         -
Sources/PrivarionGUI/BusinessLogic/KeyboardShortcutManager.swift                                                87                79     9.20%          69                61    11.59%         289               239    17.30%           0                 0         -
Sources/PrivarionGUI/BusinessLogic/MacAddressState.swift                                                        81                54    33.33%          58                34    41.38%         219               142    35.16%           0                 0         -
Sources/PrivarionGUI/BusinessLogic/NavigationManager.swift                                                     100                73    27.00%          53                34    35.85%         258               172    33.33%           0                 0         -
Sources/PrivarionGUI/BusinessLogic/NetworkFilteringViewModel.swift                                              77                77     0.00%          57                57     0.00%         168               168     0.00%           0                 0         -
Sources/PrivarionGUI/BusinessLogic/PrivarionError.swift                                                        145               133     8.28%          13                 9    30.77%         295               182    38.31%           0                 0         -
Sources/PrivarionGUI/BusinessLogic/Search/SearchCriteria.swift                                                  37                36     2.70%          20                19     5.00%          82                69    15.85%           0                 0         -
Sources/PrivarionGUI/BusinessLogic/Search/SearchManager.swift                                                  101                85    15.84%          59                43    27.12%         269               234    13.01%           0                 0         -
Sources/PrivarionGUI/BusinessLogic/Search/SearchableDataSource.swift                                            93                92     1.08%          29                28     3.45%         290               287     1.03%           0                 0         -
Sources/PrivarionGUI/BusinessLogic/UserSettings.swift                                                          170               107    37.06%         107                44    58.88%         313               243    22.36%           0                 0         -
Sources/PrivarionGUI/DataAccess/Repositories/Repositories.swift                                                236               236     0.00%         131               131     0.00%         661               661     0.00%           0                 0         -
Sources/PrivarionGUI/Presentation/Views/AdvancedPreferencesView.swift                                          193               193     0.00%          94                94     0.00%        1058              1058     0.00%           0                 0         -
Sources/PrivarionGUI/Presentation/Views/AnalyticsView.swift                                                    165               165     0.00%         118               118     0.00%        1636              1636     0.00%           0                 0         -
Sources/PrivarionGUI/Presentation/Views/CommandPaletteView.swift                                                39                39     0.00%          20                20     0.00%         283               283     0.00%           0                 0         -
Sources/PrivarionGUI/Presentation/Views/Components/SearchFiltersView.swift                                      98                98     0.00%          65                65     0.00%         583               583     0.00%           0                 0         -
Sources/PrivarionGUI/Presentation/Views/Components/SearchableView.swift                                         70                70     0.00%          44                44     0.00%         501               501     0.00%           0                 0         -
Sources/PrivarionGUI/Presentation/Views/ContentView.swift                                                       73                73     0.00%          49                49     0.00%         749               749     0.00%           0                 0         -
Sources/PrivarionGUI/Presentation/Views/DashboardView.swift                                                     78                78     0.00%          61                61     0.00%        1004              1004     0.00%           0                 0         -
Sources/PrivarionGUI/Presentation/Views/ErrorViews.swift                                                        93                93     0.00%          45                45     0.00%         553               553     0.00%           0                 0         -
Sources/PrivarionGUI/Presentation/Views/MacAddressView.swift                                                   138               138     0.00%          73                73     0.00%        1034              1034     0.00%           0                 0         -
Sources/PrivarionGUI/Presentation/Views/NavigationBarView.swift                                                 25                25     0.00%          20                20     0.00%         307               307     0.00%           0                 0         -
Sources/PrivarionGUI/Presentation/Views/NetworkFilteringView.swift                                             128               128     0.00%          95                95     0.00%        1387              1387     0.00%           0                 0         -
Sources/PrivarionGUI/Presentation/Views/SecondaryViews.swift                                                   208               208     0.00%         150               150     0.00%        1818              1818     0.00%           0                 0         -
Sources/PrivarionGUI/Presentation/Views/ShortcutSettingsView.swift                                              47                47     0.00%          35                35     0.00%         391               391     0.00%           0                 0         -
Sources/PrivarionGUI/PrivarionGUIApp.swift                                                                      26                26     0.00%          26                26     0.00%         363               363     0.00%           0                 0         -
Tests/PrivacyCtlTests/PrivacyCtlTests.swift                                                                     54                 4    92.59%          44                 4    90.91%         155                 8    94.84%           0                 0         -
Tests/PrivarionCoreTests/AsyncCompatibilityMacRepositoryTests.swift                                             39                 6    84.62%          17                 5    70.59%          86                 7    91.86%           0                 0         -
Tests/PrivarionCoreTests/DebugMacRepositoryTest.swift                                                            4                 0   100.00%           2                 0   100.00%          28                 0   100.00%           0                 0         -
Tests/PrivarionCoreTests/HardwareIdentifierEngineTests.swift                                                   176                53    69.89%         156                53    66.03%         498                53    89.36%           0                 0         -
Tests/PrivarionCoreTests/IdentityBackupManagerTests.swift                                                      151                 7    95.36%          77                 3    96.10%         392                 8    97.96%           0                 0         -
Tests/PrivarionCoreTests/IdentitySpoofingManagerTests.swift                                                    127                32    74.80%         110                28    74.55%         354                38    89.27%           0                 0         -
Tests/PrivarionCoreTests/IsolatedMacRepositoryTest.swift                                                        16                 3    81.25%          12                 2    83.33%          43                 3    93.02%           0                 0         -
Tests/PrivarionCoreTests/MacAddressRepositoryTests.swift                                                       207               189     8.70%         123               114     7.32%         894               459    48.66%           0                 0         -
Tests/PrivarionCoreTests/MacAddressRepositoryWorkingTests.swift                                                 47                13    72.34%          30                11    63.33%         106                13    87.74%           0                 0         -
Tests/PrivarionCoreTests/MacAddressSpoofingManagerTests.swift                                                  185                22    88.11%         101                 2    98.02%         447                33    92.62%           0                 0         -
Tests/PrivarionCoreTests/MinimalMacRepositoryTest.swift                                                         21                 1    95.24%           9                 0   100.00%         104                 3    97.12%           0                 0         -
Tests/PrivarionCoreTests/MockConfigurationManager.swift                                                          2                 2     0.00%           2                 2     0.00%           6                 6     0.00%           0                 0         -
Tests/PrivarionCoreTests/PerformanceBenchmarkTests.swift                                                       124                35    71.77%          94                27    71.28%         407                65    84.03%           0                 0         -
Tests/PrivarionCoreTests/PrivarionCoreTests.swift                                                               69                 3    95.65%          54                 0   100.00%         224                 6    97.32%           0                 0         -
Tests/PrivarionCoreTests/RepositoryInitTest.swift                                                               13                 2    84.62%           5                 0   100.00%          50                 2    96.00%           0                 0         -
Tests/PrivarionCoreTests/SimpleAsyncTest.swift                                                                   8                 1    87.50%           2                 0   100.00%          45                 3    93.33%           0                 0         -
Tests/PrivarionCoreTests/SimpleMacRepositoryTest.swift                                                          17                 4    76.47%          11                 4    63.64%          45                 4    91.11%           0                 0         -
Tests/PrivarionCoreTests/SynchronousMacRepositoryTests.swift                                                    33                 9    72.73%          22                 7    68.18%         103                10    90.29%           0                 0         -
Tests/PrivarionGUITests/MacAddressStateTests.swift                                                              38                 0   100.00%          34                 0   100.00%         122                 0   100.00%           0                 0         -
Tests/PrivarionGUITests/PrivarionGUITests.swift                                                                128                23    82.03%         118                19    83.90%         420                89    78.81%           0                 0         -
Tests/PrivarionHookTests/PrivarionHookTests.swift                                                              169                37    78.11%         120                33    72.50%         456                41    91.01%           0                 0         -
----------------------------------------------------------------------------------------------------------------------------------------------------------------------------------------------------------------------------------------------------------------------
TOTAL                                                                                                         9916              7507    24.29%        5100              3543    30.53%       35488             26840    24.37%           0                 0         -
